2024-12-26 02:08:09,370 = ERROR - Указанный путь не является директорией: C:\программирование\PythonHomework\attectation>
2024-12-26 02:08:09,372 = ERROR - Ошибка при обработке: C:\программирование\PythonHomework\attectation> не является директорией
2024-12-26 02:08:51,408 = ERROR - Указанный путь не является директорией: PythonHomework\attectation>
2024-12-26 02:08:51,408 = ERROR - Ошибка при обработке: PythonHomework\attectation> не является директорией
2024-12-26 02:09:22,625 = ERROR - Указанный путь не является директорией: C:\программирование\PythonHomework\attectation>
2024-12-26 02:09:22,625 = ERROR - Ошибка при обработке: C:\программирование\PythonHomework\attectation> не является директорией
2024-12-26 02:10:04,377 = ERROR - Ошибка при обработке: FileInfo.__new__() got an unexpected keyword argument 'extension'
2024-12-26 02:11:21,171 = INFO - Обраюотан каталог: FileInfo(name='.idea', extension=None, is_directory=True, parent_directory='attectation')
2024-12-26 02:11:21,172 = INFO - Обраюотан каталог: FileInfo(name='.venv', extension=None, is_directory=True, parent_directory='attectation')
2024-12-26 02:11:21,172 = INFO - Обраюотан каталог: FileInfo(name='__pycache__', extension=None, is_directory=True, parent_directory='attectation')
2024-12-26 02:11:21,172 = INFO - Обработан файл: FileInfo(name='dates', extension='py', is_directory=False, parent_directory='attectation')
2024-12-26 02:11:21,172 = INFO - Обработан файл: FileInfo(name='directories', extension='py', is_directory=False, parent_directory='attectation')
2024-12-26 02:11:21,172 = INFO - Обработан файл: FileInfo(name='directory_info', extension='log', is_directory=False, parent_directory='attectation')
2024-12-26 02:11:21,172 = INFO - Обработан файл: FileInfo(name='logg', extension='py', is_directory=False, parent_directory='attectation')
2024-12-26 02:11:21,172 = INFO - Обработан файл: FileInfo(name='options_and_flags', extension='py', is_directory=False, parent_directory='attectation')
2024-12-26 02:11:21,172 = INFO - Обработан файл: FileInfo(name='task_planning', extension='py', is_directory=False, parent_directory='attectation')
2024-12-26 02:11:21,172 = INFO - Обраюотан каталог: FileInfo(name='inspectionProfiles', extension=None, is_directory=True, parent_directory='.idea')
2024-12-26 02:11:21,172 = INFO - Обработан файл: FileInfo(name='.gitignore', extension='', is_directory=False, parent_directory='.idea')
2024-12-26 02:11:21,172 = INFO - Обработан файл: FileInfo(name='attectation', extension='iml', is_directory=False, parent_directory='.idea')
2024-12-26 02:11:21,172 = INFO - Обработан файл: FileInfo(name='misc', extension='xml', is_directory=False, parent_directory='.idea')
2024-12-26 02:11:21,172 = INFO - Обработан файл: FileInfo(name='modules', extension='xml', is_directory=False, parent_directory='.idea')
2024-12-26 02:11:21,172 = INFO - Обработан файл: FileInfo(name='workspace', extension='xml', is_directory=False, parent_directory='.idea')
2024-12-26 02:11:21,173 = INFO - Обработан файл: FileInfo(name='profiles_settings', extension='xml', is_directory=False, parent_directory='inspectionProfiles')
2024-12-26 02:11:21,173 = INFO - Обработан файл: FileInfo(name='Project_Default', extension='xml', is_directory=False, parent_directory='inspectionProfiles')
2024-12-26 02:11:21,173 = INFO - Обраюотан каталог: FileInfo(name='Lib', extension=None, is_directory=True, parent_directory='.venv')
2024-12-26 02:11:21,173 = INFO - Обраюотан каталог: FileInfo(name='Scripts', extension=None, is_directory=True, parent_directory='.venv')
2024-12-26 02:11:21,173 = INFO - Обработан файл: FileInfo(name='.gitignore', extension='', is_directory=False, parent_directory='.venv')
2024-12-26 02:11:21,173 = INFO - Обработан файл: FileInfo(name='pyvenv', extension='cfg', is_directory=False, parent_directory='.venv')
2024-12-26 02:11:21,173 = INFO - Обраюотан каталог: FileInfo(name='site-packages', extension=None, is_directory=True, parent_directory='Lib')
2024-12-26 02:11:21,173 = INFO - Обраюотан каталог: FileInfo(name='pip', extension=None, is_directory=True, parent_directory='site-packages')
2024-12-26 02:11:21,174 = INFO - Обраюотан каталог: FileInfo(name='pip-23.2.1.dist-info', extension=None, is_directory=True, parent_directory='site-packages')
2024-12-26 02:11:21,174 = INFO - Обраюотан каталог: FileInfo(name='__pycache__', extension=None, is_directory=True, parent_directory='site-packages')
2024-12-26 02:11:21,174 = INFO - Обработан файл: FileInfo(name='pip-23.2.1', extension='virtualenv', is_directory=False, parent_directory='site-packages')
2024-12-26 02:11:21,174 = INFO - Обработан файл: FileInfo(name='_virtualenv', extension='pth', is_directory=False, parent_directory='site-packages')
2024-12-26 02:11:21,174 = INFO - Обработан файл: FileInfo(name='_virtualenv', extension='py', is_directory=False, parent_directory='site-packages')
2024-12-26 02:11:21,176 = INFO - Обраюотан каталог: FileInfo(name='_internal', extension=None, is_directory=True, parent_directory='pip')
2024-12-26 02:11:21,176 = INFO - Обраюотан каталог: FileInfo(name='_vendor', extension=None, is_directory=True, parent_directory='pip')
2024-12-26 02:11:21,176 = INFO - Обработан файл: FileInfo(name='py', extension='typed', is_directory=False, parent_directory='pip')
2024-12-26 02:11:21,176 = INFO - Обработан файл: FileInfo(name='__init__', extension='py', is_directory=False, parent_directory='pip')
2024-12-26 02:11:21,176 = INFO - Обработан файл: FileInfo(name='__main__', extension='py', is_directory=False, parent_directory='pip')
2024-12-26 02:11:21,176 = INFO - Обработан файл: FileInfo(name='__pip-runner__', extension='py', is_directory=False, parent_directory='pip')
2024-12-26 02:11:21,177 = INFO - Обраюотан каталог: FileInfo(name='cli', extension=None, is_directory=True, parent_directory='_internal')
2024-12-26 02:11:21,177 = INFO - Обраюотан каталог: FileInfo(name='commands', extension=None, is_directory=True, parent_directory='_internal')
2024-12-26 02:11:21,177 = INFO - Обраюотан каталог: FileInfo(name='distributions', extension=None, is_directory=True, parent_directory='_internal')
2024-12-26 02:11:21,177 = INFO - Обраюотан каталог: FileInfo(name='index', extension=None, is_directory=True, parent_directory='_internal')
2024-12-26 02:11:21,177 = INFO - Обраюотан каталог: FileInfo(name='locations', extension=None, is_directory=True, parent_directory='_internal')
2024-12-26 02:11:21,177 = INFO - Обраюотан каталог: FileInfo(name='metadata', extension=None, is_directory=True, parent_directory='_internal')
2024-12-26 02:11:21,177 = INFO - Обраюотан каталог: FileInfo(name='models', extension=None, is_directory=True, parent_directory='_internal')
2024-12-26 02:11:21,177 = INFO - Обраюотан каталог: FileInfo(name='network', extension=None, is_directory=True, parent_directory='_internal')
2024-12-26 02:11:21,177 = INFO - Обраюотан каталог: FileInfo(name='operations', extension=None, is_directory=True, parent_directory='_internal')
2024-12-26 02:11:21,177 = INFO - Обраюотан каталог: FileInfo(name='req', extension=None, is_directory=True, parent_directory='_internal')
2024-12-26 02:11:21,177 = INFO - Обраюотан каталог: FileInfo(name='resolution', extension=None, is_directory=True, parent_directory='_internal')
2024-12-26 02:11:21,177 = INFO - Обраюотан каталог: FileInfo(name='utils', extension=None, is_directory=True, parent_directory='_internal')
2024-12-26 02:11:21,177 = INFO - Обраюотан каталог: FileInfo(name='vcs', extension=None, is_directory=True, parent_directory='_internal')
2024-12-26 02:11:21,177 = INFO - Обработан файл: FileInfo(name='build_env', extension='py', is_directory=False, parent_directory='_internal')
2024-12-26 02:11:21,177 = INFO - Обработан файл: FileInfo(name='cache', extension='py', is_directory=False, parent_directory='_internal')
2024-12-26 02:11:21,178 = INFO - Обработан файл: FileInfo(name='configuration', extension='py', is_directory=False, parent_directory='_internal')
2024-12-26 02:11:21,178 = INFO - Обработан файл: FileInfo(name='exceptions', extension='py', is_directory=False, parent_directory='_internal')
2024-12-26 02:11:21,178 = INFO - Обработан файл: FileInfo(name='main', extension='py', is_directory=False, parent_directory='_internal')
2024-12-26 02:11:21,178 = INFO - Обработан файл: FileInfo(name='pyproject', extension='py', is_directory=False, parent_directory='_internal')
2024-12-26 02:11:21,178 = INFO - Обработан файл: FileInfo(name='self_outdated_check', extension='py', is_directory=False, parent_directory='_internal')
2024-12-26 02:11:21,178 = INFO - Обработан файл: FileInfo(name='wheel_builder', extension='py', is_directory=False, parent_directory='_internal')
2024-12-26 02:11:21,178 = INFO - Обработан файл: FileInfo(name='__init__', extension='py', is_directory=False, parent_directory='_internal')
2024-12-26 02:11:21,185 = INFO - Обработан файл: FileInfo(name='autocompletion', extension='py', is_directory=False, parent_directory='cli')
2024-12-26 02:11:21,185 = INFO - Обработан файл: FileInfo(name='base_command', extension='py', is_directory=False, parent_directory='cli')
2024-12-26 02:11:21,185 = INFO - Обработан файл: FileInfo(name='cmdoptions', extension='py', is_directory=False, parent_directory='cli')
2024-12-26 02:11:21,185 = INFO - Обработан файл: FileInfo(name='command_context', extension='py', is_directory=False, parent_directory='cli')
2024-12-26 02:11:21,185 = INFO - Обработан файл: FileInfo(name='main', extension='py', is_directory=False, parent_directory='cli')
2024-12-26 02:11:21,185 = INFO - Обработан файл: FileInfo(name='main_parser', extension='py', is_directory=False, parent_directory='cli')
2024-12-26 02:11:21,185 = INFO - Обработан файл: FileInfo(name='parser', extension='py', is_directory=False, parent_directory='cli')
2024-12-26 02:11:21,186 = INFO - Обработан файл: FileInfo(name='progress_bars', extension='py', is_directory=False, parent_directory='cli')
2024-12-26 02:11:21,186 = INFO - Обработан файл: FileInfo(name='req_command', extension='py', is_directory=False, parent_directory='cli')
2024-12-26 02:11:21,186 = INFO - Обработан файл: FileInfo(name='spinners', extension='py', is_directory=False, parent_directory='cli')
2024-12-26 02:11:21,186 = INFO - Обработан файл: FileInfo(name='status_codes', extension='py', is_directory=False, parent_directory='cli')
2024-12-26 02:11:21,186 = INFO - Обработан файл: FileInfo(name='__init__', extension='py', is_directory=False, parent_directory='cli')
2024-12-26 02:11:21,186 = INFO - Обработан файл: FileInfo(name='cache', extension='py', is_directory=False, parent_directory='commands')
2024-12-26 02:11:21,186 = INFO - Обработан файл: FileInfo(name='check', extension='py', is_directory=False, parent_directory='commands')
2024-12-26 02:11:21,187 = INFO - Обработан файл: FileInfo(name='completion', extension='py', is_directory=False, parent_directory='commands')
2024-12-26 02:11:21,187 = INFO - Обработан файл: FileInfo(name='configuration', extension='py', is_directory=False, parent_directory='commands')
2024-12-26 02:11:21,187 = INFO - Обработан файл: FileInfo(name='debug', extension='py', is_directory=False, parent_directory='commands')
2024-12-26 02:11:21,187 = INFO - Обработан файл: FileInfo(name='download', extension='py', is_directory=False, parent_directory='commands')
2024-12-26 02:11:21,187 = INFO - Обработан файл: FileInfo(name='freeze', extension='py', is_directory=False, parent_directory='commands')
2024-12-26 02:11:21,187 = INFO - Обработан файл: FileInfo(name='hash', extension='py', is_directory=False, parent_directory='commands')
2024-12-26 02:11:21,187 = INFO - Обработан файл: FileInfo(name='help', extension='py', is_directory=False, parent_directory='commands')
2024-12-26 02:11:21,187 = INFO - Обработан файл: FileInfo(name='index', extension='py', is_directory=False, parent_directory='commands')
2024-12-26 02:11:21,187 = INFO - Обработан файл: FileInfo(name='inspect', extension='py', is_directory=False, parent_directory='commands')
2024-12-26 02:11:21,187 = INFO - Обработан файл: FileInfo(name='install', extension='py', is_directory=False, parent_directory='commands')
2024-12-26 02:11:21,187 = INFO - Обработан файл: FileInfo(name='list', extension='py', is_directory=False, parent_directory='commands')
2024-12-26 02:11:21,187 = INFO - Обработан файл: FileInfo(name='search', extension='py', is_directory=False, parent_directory='commands')
2024-12-26 02:11:21,187 = INFO - Обработан файл: FileInfo(name='show', extension='py', is_directory=False, parent_directory='commands')
2024-12-26 02:11:21,187 = INFO - Обработан файл: FileInfo(name='uninstall', extension='py', is_directory=False, parent_directory='commands')
2024-12-26 02:11:21,187 = INFO - Обработан файл: FileInfo(name='wheel', extension='py', is_directory=False, parent_directory='commands')
2024-12-26 02:11:21,187 = INFO - Обработан файл: FileInfo(name='__init__', extension='py', is_directory=False, parent_directory='commands')
2024-12-26 02:11:21,188 = INFO - Обработан файл: FileInfo(name='base', extension='py', is_directory=False, parent_directory='distributions')
2024-12-26 02:11:21,188 = INFO - Обработан файл: FileInfo(name='installed', extension='py', is_directory=False, parent_directory='distributions')
2024-12-26 02:11:21,188 = INFO - Обработан файл: FileInfo(name='sdist', extension='py', is_directory=False, parent_directory='distributions')
2024-12-26 02:11:21,188 = INFO - Обработан файл: FileInfo(name='wheel', extension='py', is_directory=False, parent_directory='distributions')
2024-12-26 02:11:21,188 = INFO - Обработан файл: FileInfo(name='__init__', extension='py', is_directory=False, parent_directory='distributions')
2024-12-26 02:11:21,189 = INFO - Обработан файл: FileInfo(name='collector', extension='py', is_directory=False, parent_directory='index')
2024-12-26 02:11:21,189 = INFO - Обработан файл: FileInfo(name='package_finder', extension='py', is_directory=False, parent_directory='index')
2024-12-26 02:11:21,189 = INFO - Обработан файл: FileInfo(name='sources', extension='py', is_directory=False, parent_directory='index')
2024-12-26 02:11:21,189 = INFO - Обработан файл: FileInfo(name='__init__', extension='py', is_directory=False, parent_directory='index')
2024-12-26 02:11:21,190 = INFO - Обработан файл: FileInfo(name='base', extension='py', is_directory=False, parent_directory='locations')
2024-12-26 02:11:21,190 = INFO - Обработан файл: FileInfo(name='_distutils', extension='py', is_directory=False, parent_directory='locations')
2024-12-26 02:11:21,190 = INFO - Обработан файл: FileInfo(name='_sysconfig', extension='py', is_directory=False, parent_directory='locations')
2024-12-26 02:11:21,190 = INFO - Обработан файл: FileInfo(name='__init__', extension='py', is_directory=False, parent_directory='locations')
2024-12-26 02:11:21,193 = INFO - Обраюотан каталог: FileInfo(name='importlib', extension=None, is_directory=True, parent_directory='metadata')
2024-12-26 02:11:21,194 = INFO - Обработан файл: FileInfo(name='base', extension='py', is_directory=False, parent_directory='metadata')
2024-12-26 02:11:21,195 = INFO - Обработан файл: FileInfo(name='pkg_resources', extension='py', is_directory=False, parent_directory='metadata')
2024-12-26 02:11:21,196 = INFO - Обработан файл: FileInfo(name='_json', extension='py', is_directory=False, parent_directory='metadata')
2024-12-26 02:11:21,196 = INFO - Обработан файл: FileInfo(name='__init__', extension='py', is_directory=False, parent_directory='metadata')
2024-12-26 02:11:21,197 = INFO - Обработан файл: FileInfo(name='_compat', extension='py', is_directory=False, parent_directory='importlib')
2024-12-26 02:11:21,197 = INFO - Обработан файл: FileInfo(name='_dists', extension='py', is_directory=False, parent_directory='importlib')
2024-12-26 02:11:21,197 = INFO - Обработан файл: FileInfo(name='_envs', extension='py', is_directory=False, parent_directory='importlib')
2024-12-26 02:11:21,197 = INFO - Обработан файл: FileInfo(name='__init__', extension='py', is_directory=False, parent_directory='importlib')
2024-12-26 02:11:21,197 = INFO - Обработан файл: FileInfo(name='candidate', extension='py', is_directory=False, parent_directory='models')
2024-12-26 02:11:21,197 = INFO - Обработан файл: FileInfo(name='direct_url', extension='py', is_directory=False, parent_directory='models')
2024-12-26 02:11:21,197 = INFO - Обработан файл: FileInfo(name='format_control', extension='py', is_directory=False, parent_directory='models')
2024-12-26 02:11:21,198 = INFO - Обработан файл: FileInfo(name='index', extension='py', is_directory=False, parent_directory='models')
2024-12-26 02:11:21,198 = INFO - Обработан файл: FileInfo(name='installation_report', extension='py', is_directory=False, parent_directory='models')
2024-12-26 02:11:21,198 = INFO - Обработан файл: FileInfo(name='link', extension='py', is_directory=False, parent_directory='models')
2024-12-26 02:11:21,198 = INFO - Обработан файл: FileInfo(name='scheme', extension='py', is_directory=False, parent_directory='models')
2024-12-26 02:11:21,198 = INFO - Обработан файл: FileInfo(name='search_scope', extension='py', is_directory=False, parent_directory='models')
2024-12-26 02:11:21,198 = INFO - Обработан файл: FileInfo(name='selection_prefs', extension='py', is_directory=False, parent_directory='models')
2024-12-26 02:11:21,198 = INFO - Обработан файл: FileInfo(name='target_python', extension='py', is_directory=False, parent_directory='models')
2024-12-26 02:11:21,198 = INFO - Обработан файл: FileInfo(name='wheel', extension='py', is_directory=False, parent_directory='models')
2024-12-26 02:11:21,198 = INFO - Обработан файл: FileInfo(name='__init__', extension='py', is_directory=False, parent_directory='models')
2024-12-26 02:11:21,198 = INFO - Обработан файл: FileInfo(name='auth', extension='py', is_directory=False, parent_directory='network')
2024-12-26 02:11:21,199 = INFO - Обработан файл: FileInfo(name='cache', extension='py', is_directory=False, parent_directory='network')
2024-12-26 02:11:21,199 = INFO - Обработан файл: FileInfo(name='download', extension='py', is_directory=False, parent_directory='network')
2024-12-26 02:11:21,199 = INFO - Обработан файл: FileInfo(name='lazy_wheel', extension='py', is_directory=False, parent_directory='network')
2024-12-26 02:11:21,199 = INFO - Обработан файл: FileInfo(name='session', extension='py', is_directory=False, parent_directory='network')
2024-12-26 02:11:21,199 = INFO - Обработан файл: FileInfo(name='utils', extension='py', is_directory=False, parent_directory='network')
2024-12-26 02:11:21,199 = INFO - Обработан файл: FileInfo(name='xmlrpc', extension='py', is_directory=False, parent_directory='network')
2024-12-26 02:11:21,199 = INFO - Обработан файл: FileInfo(name='__init__', extension='py', is_directory=False, parent_directory='network')
2024-12-26 02:11:21,200 = INFO - Обраюотан каталог: FileInfo(name='build', extension=None, is_directory=True, parent_directory='operations')
2024-12-26 02:11:21,200 = INFO - Обраюотан каталог: FileInfo(name='install', extension=None, is_directory=True, parent_directory='operations')
2024-12-26 02:11:21,200 = INFO - Обработан файл: FileInfo(name='check', extension='py', is_directory=False, parent_directory='operations')
2024-12-26 02:11:21,200 = INFO - Обработан файл: FileInfo(name='freeze', extension='py', is_directory=False, parent_directory='operations')
2024-12-26 02:11:21,200 = INFO - Обработан файл: FileInfo(name='prepare', extension='py', is_directory=False, parent_directory='operations')
2024-12-26 02:11:21,200 = INFO - Обработан файл: FileInfo(name='__init__', extension='py', is_directory=False, parent_directory='operations')
2024-12-26 02:11:21,200 = INFO - Обработан файл: FileInfo(name='build_tracker', extension='py', is_directory=False, parent_directory='build')
2024-12-26 02:11:21,201 = INFO - Обработан файл: FileInfo(name='metadata', extension='py', is_directory=False, parent_directory='build')
2024-12-26 02:11:21,201 = INFO - Обработан файл: FileInfo(name='metadata_editable', extension='py', is_directory=False, parent_directory='build')
2024-12-26 02:11:21,201 = INFO - Обработан файл: FileInfo(name='metadata_legacy', extension='py', is_directory=False, parent_directory='build')
2024-12-26 02:11:21,201 = INFO - Обработан файл: FileInfo(name='wheel', extension='py', is_directory=False, parent_directory='build')
2024-12-26 02:11:21,201 = INFO - Обработан файл: FileInfo(name='wheel_editable', extension='py', is_directory=False, parent_directory='build')
2024-12-26 02:11:21,201 = INFO - Обработан файл: FileInfo(name='wheel_legacy', extension='py', is_directory=False, parent_directory='build')
2024-12-26 02:11:21,201 = INFO - Обработан файл: FileInfo(name='__init__', extension='py', is_directory=False, parent_directory='build')
2024-12-26 02:11:21,202 = INFO - Обработан файл: FileInfo(name='editable_legacy', extension='py', is_directory=False, parent_directory='install')
2024-12-26 02:11:21,202 = INFO - Обработан файл: FileInfo(name='wheel', extension='py', is_directory=False, parent_directory='install')
2024-12-26 02:11:21,202 = INFO - Обработан файл: FileInfo(name='__init__', extension='py', is_directory=False, parent_directory='install')
2024-12-26 02:11:21,203 = INFO - Обработан файл: FileInfo(name='constructors', extension='py', is_directory=False, parent_directory='req')
2024-12-26 02:11:21,203 = INFO - Обработан файл: FileInfo(name='req_file', extension='py', is_directory=False, parent_directory='req')
2024-12-26 02:11:21,203 = INFO - Обработан файл: FileInfo(name='req_install', extension='py', is_directory=False, parent_directory='req')
2024-12-26 02:11:21,203 = INFO - Обработан файл: FileInfo(name='req_set', extension='py', is_directory=False, parent_directory='req')
2024-12-26 02:11:21,203 = INFO - Обработан файл: FileInfo(name='req_uninstall', extension='py', is_directory=False, parent_directory='req')
2024-12-26 02:11:21,204 = INFO - Обработан файл: FileInfo(name='__init__', extension='py', is_directory=False, parent_directory='req')
2024-12-26 02:11:21,204 = INFO - Обраюотан каталог: FileInfo(name='legacy', extension=None, is_directory=True, parent_directory='resolution')
2024-12-26 02:11:21,204 = INFO - Обраюотан каталог: FileInfo(name='resolvelib', extension=None, is_directory=True, parent_directory='resolution')
2024-12-26 02:11:21,204 = INFO - Обработан файл: FileInfo(name='base', extension='py', is_directory=False, parent_directory='resolution')
2024-12-26 02:11:21,204 = INFO - Обработан файл: FileInfo(name='__init__', extension='py', is_directory=False, parent_directory='resolution')
2024-12-26 02:11:21,205 = INFO - Обработан файл: FileInfo(name='resolver', extension='py', is_directory=False, parent_directory='legacy')
2024-12-26 02:11:21,205 = INFO - Обработан файл: FileInfo(name='__init__', extension='py', is_directory=False, parent_directory='legacy')
2024-12-26 02:11:21,206 = INFO - Обработан файл: FileInfo(name='base', extension='py', is_directory=False, parent_directory='resolvelib')
2024-12-26 02:11:21,206 = INFO - Обработан файл: FileInfo(name='candidates', extension='py', is_directory=False, parent_directory='resolvelib')
2024-12-26 02:11:21,206 = INFO - Обработан файл: FileInfo(name='factory', extension='py', is_directory=False, parent_directory='resolvelib')
2024-12-26 02:11:21,206 = INFO - Обработан файл: FileInfo(name='found_candidates', extension='py', is_directory=False, parent_directory='resolvelib')
2024-12-26 02:11:21,206 = INFO - Обработан файл: FileInfo(name='provider', extension='py', is_directory=False, parent_directory='resolvelib')
2024-12-26 02:11:21,206 = INFO - Обработан файл: FileInfo(name='reporter', extension='py', is_directory=False, parent_directory='resolvelib')
2024-12-26 02:11:21,206 = INFO - Обработан файл: FileInfo(name='requirements', extension='py', is_directory=False, parent_directory='resolvelib')
2024-12-26 02:11:21,206 = INFO - Обработан файл: FileInfo(name='resolver', extension='py', is_directory=False, parent_directory='resolvelib')
2024-12-26 02:11:21,206 = INFO - Обработан файл: FileInfo(name='__init__', extension='py', is_directory=False, parent_directory='resolvelib')
2024-12-26 02:11:21,207 = INFO - Обработан файл: FileInfo(name='appdirs', extension='py', is_directory=False, parent_directory='utils')
2024-12-26 02:11:21,207 = INFO - Обработан файл: FileInfo(name='compat', extension='py', is_directory=False, parent_directory='utils')
2024-12-26 02:11:21,207 = INFO - Обработан файл: FileInfo(name='compatibility_tags', extension='py', is_directory=False, parent_directory='utils')
2024-12-26 02:11:21,207 = INFO - Обработан файл: FileInfo(name='datetime', extension='py', is_directory=False, parent_directory='utils')
2024-12-26 02:11:21,207 = INFO - Обработан файл: FileInfo(name='deprecation', extension='py', is_directory=False, parent_directory='utils')
2024-12-26 02:11:21,207 = INFO - Обработан файл: FileInfo(name='direct_url_helpers', extension='py', is_directory=False, parent_directory='utils')
2024-12-26 02:11:21,207 = INFO - Обработан файл: FileInfo(name='egg_link', extension='py', is_directory=False, parent_directory='utils')
2024-12-26 02:11:21,207 = INFO - Обработан файл: FileInfo(name='encoding', extension='py', is_directory=False, parent_directory='utils')
2024-12-26 02:11:21,207 = INFO - Обработан файл: FileInfo(name='entrypoints', extension='py', is_directory=False, parent_directory='utils')
2024-12-26 02:11:21,207 = INFO - Обработан файл: FileInfo(name='filesystem', extension='py', is_directory=False, parent_directory='utils')
2024-12-26 02:11:21,207 = INFO - Обработан файл: FileInfo(name='filetypes', extension='py', is_directory=False, parent_directory='utils')
2024-12-26 02:11:21,207 = INFO - Обработан файл: FileInfo(name='glibc', extension='py', is_directory=False, parent_directory='utils')
2024-12-26 02:11:21,207 = INFO - Обработан файл: FileInfo(name='hashes', extension='py', is_directory=False, parent_directory='utils')
2024-12-26 02:11:21,207 = INFO - Обработан файл: FileInfo(name='inject_securetransport', extension='py', is_directory=False, parent_directory='utils')
2024-12-26 02:11:21,207 = INFO - Обработан файл: FileInfo(name='logging', extension='py', is_directory=False, parent_directory='utils')
2024-12-26 02:11:21,207 = INFO - Обработан файл: FileInfo(name='misc', extension='py', is_directory=False, parent_directory='utils')
2024-12-26 02:11:21,207 = INFO - Обработан файл: FileInfo(name='models', extension='py', is_directory=False, parent_directory='utils')
2024-12-26 02:11:21,207 = INFO - Обработан файл: FileInfo(name='packaging', extension='py', is_directory=False, parent_directory='utils')
2024-12-26 02:11:21,207 = INFO - Обработан файл: FileInfo(name='setuptools_build', extension='py', is_directory=False, parent_directory='utils')
2024-12-26 02:11:21,208 = INFO - Обработан файл: FileInfo(name='subprocess', extension='py', is_directory=False, parent_directory='utils')
2024-12-26 02:11:21,208 = INFO - Обработан файл: FileInfo(name='temp_dir', extension='py', is_directory=False, parent_directory='utils')
2024-12-26 02:11:21,208 = INFO - Обработан файл: FileInfo(name='unpacking', extension='py', is_directory=False, parent_directory='utils')
2024-12-26 02:11:21,208 = INFO - Обработан файл: FileInfo(name='urls', extension='py', is_directory=False, parent_directory='utils')
2024-12-26 02:11:21,208 = INFO - Обработан файл: FileInfo(name='virtualenv', extension='py', is_directory=False, parent_directory='utils')
2024-12-26 02:11:21,208 = INFO - Обработан файл: FileInfo(name='wheel', extension='py', is_directory=False, parent_directory='utils')
2024-12-26 02:11:21,208 = INFO - Обработан файл: FileInfo(name='_jaraco_text', extension='py', is_directory=False, parent_directory='utils')
2024-12-26 02:11:21,208 = INFO - Обработан файл: FileInfo(name='_log', extension='py', is_directory=False, parent_directory='utils')
2024-12-26 02:11:21,208 = INFO - Обработан файл: FileInfo(name='__init__', extension='py', is_directory=False, parent_directory='utils')
2024-12-26 02:11:21,209 = INFO - Обработан файл: FileInfo(name='bazaar', extension='py', is_directory=False, parent_directory='vcs')
2024-12-26 02:11:21,209 = INFO - Обработан файл: FileInfo(name='git', extension='py', is_directory=False, parent_directory='vcs')
2024-12-26 02:11:21,209 = INFO - Обработан файл: FileInfo(name='mercurial', extension='py', is_directory=False, parent_directory='vcs')
2024-12-26 02:11:21,209 = INFO - Обработан файл: FileInfo(name='subversion', extension='py', is_directory=False, parent_directory='vcs')
2024-12-26 02:11:21,209 = INFO - Обработан файл: FileInfo(name='versioncontrol', extension='py', is_directory=False, parent_directory='vcs')
2024-12-26 02:11:21,209 = INFO - Обработан файл: FileInfo(name='__init__', extension='py', is_directory=False, parent_directory='vcs')
2024-12-26 02:11:21,210 = INFO - Обраюотан каталог: FileInfo(name='cachecontrol', extension=None, is_directory=True, parent_directory='_vendor')
2024-12-26 02:11:21,210 = INFO - Обраюотан каталог: FileInfo(name='certifi', extension=None, is_directory=True, parent_directory='_vendor')
2024-12-26 02:11:21,210 = INFO - Обраюотан каталог: FileInfo(name='chardet', extension=None, is_directory=True, parent_directory='_vendor')
2024-12-26 02:11:21,210 = INFO - Обраюотан каталог: FileInfo(name='colorama', extension=None, is_directory=True, parent_directory='_vendor')
2024-12-26 02:11:21,210 = INFO - Обраюотан каталог: FileInfo(name='distlib', extension=None, is_directory=True, parent_directory='_vendor')
2024-12-26 02:11:21,210 = INFO - Обраюотан каталог: FileInfo(name='distro', extension=None, is_directory=True, parent_directory='_vendor')
2024-12-26 02:11:21,210 = INFO - Обраюотан каталог: FileInfo(name='idna', extension=None, is_directory=True, parent_directory='_vendor')
2024-12-26 02:11:21,210 = INFO - Обраюотан каталог: FileInfo(name='msgpack', extension=None, is_directory=True, parent_directory='_vendor')
2024-12-26 02:11:21,210 = INFO - Обраюотан каталог: FileInfo(name='packaging', extension=None, is_directory=True, parent_directory='_vendor')
2024-12-26 02:11:21,210 = INFO - Обраюотан каталог: FileInfo(name='pkg_resources', extension=None, is_directory=True, parent_directory='_vendor')
2024-12-26 02:11:21,210 = INFO - Обраюотан каталог: FileInfo(name='platformdirs', extension=None, is_directory=True, parent_directory='_vendor')
2024-12-26 02:11:21,210 = INFO - Обраюотан каталог: FileInfo(name='pygments', extension=None, is_directory=True, parent_directory='_vendor')
2024-12-26 02:11:21,210 = INFO - Обраюотан каталог: FileInfo(name='pyparsing', extension=None, is_directory=True, parent_directory='_vendor')
2024-12-26 02:11:21,210 = INFO - Обраюотан каталог: FileInfo(name='pyproject_hooks', extension=None, is_directory=True, parent_directory='_vendor')
2024-12-26 02:11:21,210 = INFO - Обраюотан каталог: FileInfo(name='requests', extension=None, is_directory=True, parent_directory='_vendor')
2024-12-26 02:11:21,210 = INFO - Обраюотан каталог: FileInfo(name='resolvelib', extension=None, is_directory=True, parent_directory='_vendor')
2024-12-26 02:11:21,210 = INFO - Обраюотан каталог: FileInfo(name='rich', extension=None, is_directory=True, parent_directory='_vendor')
2024-12-26 02:11:21,210 = INFO - Обраюотан каталог: FileInfo(name='tenacity', extension=None, is_directory=True, parent_directory='_vendor')
2024-12-26 02:11:21,210 = INFO - Обраюотан каталог: FileInfo(name='tomli', extension=None, is_directory=True, parent_directory='_vendor')
2024-12-26 02:11:21,210 = INFO - Обраюотан каталог: FileInfo(name='urllib3', extension=None, is_directory=True, parent_directory='_vendor')
2024-12-26 02:11:21,210 = INFO - Обраюотан каталог: FileInfo(name='webencodings', extension=None, is_directory=True, parent_directory='_vendor')
2024-12-26 02:11:21,211 = INFO - Обработан файл: FileInfo(name='six', extension='py', is_directory=False, parent_directory='_vendor')
2024-12-26 02:11:21,211 = INFO - Обработан файл: FileInfo(name='typing_extensions', extension='py', is_directory=False, parent_directory='_vendor')
2024-12-26 02:11:21,211 = INFO - Обработан файл: FileInfo(name='vendor', extension='txt', is_directory=False, parent_directory='_vendor')
2024-12-26 02:11:21,211 = INFO - Обработан файл: FileInfo(name='__init__', extension='py', is_directory=False, parent_directory='_vendor')
2024-12-26 02:11:21,215 = INFO - Обраюотан каталог: FileInfo(name='caches', extension=None, is_directory=True, parent_directory='cachecontrol')
2024-12-26 02:11:21,215 = INFO - Обработан файл: FileInfo(name='adapter', extension='py', is_directory=False, parent_directory='cachecontrol')
2024-12-26 02:11:21,215 = INFO - Обработан файл: FileInfo(name='cache', extension='py', is_directory=False, parent_directory='cachecontrol')
2024-12-26 02:11:21,215 = INFO - Обработан файл: FileInfo(name='compat', extension='py', is_directory=False, parent_directory='cachecontrol')
2024-12-26 02:11:21,215 = INFO - Обработан файл: FileInfo(name='controller', extension='py', is_directory=False, parent_directory='cachecontrol')
2024-12-26 02:11:21,216 = INFO - Обработан файл: FileInfo(name='filewrapper', extension='py', is_directory=False, parent_directory='cachecontrol')
2024-12-26 02:11:21,216 = INFO - Обработан файл: FileInfo(name='heuristics', extension='py', is_directory=False, parent_directory='cachecontrol')
2024-12-26 02:11:21,216 = INFO - Обработан файл: FileInfo(name='serialize', extension='py', is_directory=False, parent_directory='cachecontrol')
2024-12-26 02:11:21,216 = INFO - Обработан файл: FileInfo(name='wrapper', extension='py', is_directory=False, parent_directory='cachecontrol')
2024-12-26 02:11:21,216 = INFO - Обработан файл: FileInfo(name='_cmd', extension='py', is_directory=False, parent_directory='cachecontrol')
2024-12-26 02:11:21,216 = INFO - Обработан файл: FileInfo(name='__init__', extension='py', is_directory=False, parent_directory='cachecontrol')
2024-12-26 02:11:21,217 = INFO - Обработан файл: FileInfo(name='file_cache', extension='py', is_directory=False, parent_directory='caches')
2024-12-26 02:11:21,217 = INFO - Обработан файл: FileInfo(name='redis_cache', extension='py', is_directory=False, parent_directory='caches')
2024-12-26 02:11:21,217 = INFO - Обработан файл: FileInfo(name='__init__', extension='py', is_directory=False, parent_directory='caches')
2024-12-26 02:11:21,217 = INFO - Обработан файл: FileInfo(name='cacert', extension='pem', is_directory=False, parent_directory='certifi')
2024-12-26 02:11:21,217 = INFO - Обработан файл: FileInfo(name='core', extension='py', is_directory=False, parent_directory='certifi')
2024-12-26 02:11:21,217 = INFO - Обработан файл: FileInfo(name='__init__', extension='py', is_directory=False, parent_directory='certifi')
2024-12-26 02:11:21,217 = INFO - Обработан файл: FileInfo(name='__main__', extension='py', is_directory=False, parent_directory='certifi')
2024-12-26 02:11:21,219 = INFO - Обраюотан каталог: FileInfo(name='cli', extension=None, is_directory=True, parent_directory='chardet')
2024-12-26 02:11:21,219 = INFO - Обраюотан каталог: FileInfo(name='metadata', extension=None, is_directory=True, parent_directory='chardet')
2024-12-26 02:11:21,219 = INFO - Обработан файл: FileInfo(name='big5freq', extension='py', is_directory=False, parent_directory='chardet')
2024-12-26 02:11:21,219 = INFO - Обработан файл: FileInfo(name='big5prober', extension='py', is_directory=False, parent_directory='chardet')
2024-12-26 02:11:21,219 = INFO - Обработан файл: FileInfo(name='chardistribution', extension='py', is_directory=False, parent_directory='chardet')
2024-12-26 02:11:21,219 = INFO - Обработан файл: FileInfo(name='charsetgroupprober', extension='py', is_directory=False, parent_directory='chardet')
2024-12-26 02:11:21,219 = INFO - Обработан файл: FileInfo(name='charsetprober', extension='py', is_directory=False, parent_directory='chardet')
2024-12-26 02:11:21,219 = INFO - Обработан файл: FileInfo(name='codingstatemachine', extension='py', is_directory=False, parent_directory='chardet')
2024-12-26 02:11:21,219 = INFO - Обработан файл: FileInfo(name='codingstatemachinedict', extension='py', is_directory=False, parent_directory='chardet')
2024-12-26 02:11:21,219 = INFO - Обработан файл: FileInfo(name='cp949prober', extension='py', is_directory=False, parent_directory='chardet')
2024-12-26 02:11:21,219 = INFO - Обработан файл: FileInfo(name='enums', extension='py', is_directory=False, parent_directory='chardet')
2024-12-26 02:11:21,219 = INFO - Обработан файл: FileInfo(name='escprober', extension='py', is_directory=False, parent_directory='chardet')
2024-12-26 02:11:21,219 = INFO - Обработан файл: FileInfo(name='escsm', extension='py', is_directory=False, parent_directory='chardet')
2024-12-26 02:11:21,219 = INFO - Обработан файл: FileInfo(name='eucjpprober', extension='py', is_directory=False, parent_directory='chardet')
2024-12-26 02:11:21,219 = INFO - Обработан файл: FileInfo(name='euckrfreq', extension='py', is_directory=False, parent_directory='chardet')
2024-12-26 02:11:21,220 = INFO - Обработан файл: FileInfo(name='euckrprober', extension='py', is_directory=False, parent_directory='chardet')
2024-12-26 02:11:21,220 = INFO - Обработан файл: FileInfo(name='euctwfreq', extension='py', is_directory=False, parent_directory='chardet')
2024-12-26 02:11:21,220 = INFO - Обработан файл: FileInfo(name='euctwprober', extension='py', is_directory=False, parent_directory='chardet')
2024-12-26 02:11:21,220 = INFO - Обработан файл: FileInfo(name='gb2312freq', extension='py', is_directory=False, parent_directory='chardet')
2024-12-26 02:11:21,220 = INFO - Обработан файл: FileInfo(name='gb2312prober', extension='py', is_directory=False, parent_directory='chardet')
2024-12-26 02:11:21,220 = INFO - Обработан файл: FileInfo(name='hebrewprober', extension='py', is_directory=False, parent_directory='chardet')
2024-12-26 02:11:21,220 = INFO - Обработан файл: FileInfo(name='jisfreq', extension='py', is_directory=False, parent_directory='chardet')
2024-12-26 02:11:21,220 = INFO - Обработан файл: FileInfo(name='johabfreq', extension='py', is_directory=False, parent_directory='chardet')
2024-12-26 02:11:21,220 = INFO - Обработан файл: FileInfo(name='johabprober', extension='py', is_directory=False, parent_directory='chardet')
2024-12-26 02:11:21,220 = INFO - Обработан файл: FileInfo(name='jpcntx', extension='py', is_directory=False, parent_directory='chardet')
2024-12-26 02:11:21,220 = INFO - Обработан файл: FileInfo(name='langbulgarianmodel', extension='py', is_directory=False, parent_directory='chardet')
2024-12-26 02:11:21,220 = INFO - Обработан файл: FileInfo(name='langgreekmodel', extension='py', is_directory=False, parent_directory='chardet')
2024-12-26 02:11:21,220 = INFO - Обработан файл: FileInfo(name='langhebrewmodel', extension='py', is_directory=False, parent_directory='chardet')
2024-12-26 02:11:21,220 = INFO - Обработан файл: FileInfo(name='langhungarianmodel', extension='py', is_directory=False, parent_directory='chardet')
2024-12-26 02:11:21,220 = INFO - Обработан файл: FileInfo(name='langrussianmodel', extension='py', is_directory=False, parent_directory='chardet')
2024-12-26 02:11:21,220 = INFO - Обработан файл: FileInfo(name='langthaimodel', extension='py', is_directory=False, parent_directory='chardet')
2024-12-26 02:11:21,220 = INFO - Обработан файл: FileInfo(name='langturkishmodel', extension='py', is_directory=False, parent_directory='chardet')
2024-12-26 02:11:21,220 = INFO - Обработан файл: FileInfo(name='latin1prober', extension='py', is_directory=False, parent_directory='chardet')
2024-12-26 02:11:21,220 = INFO - Обработан файл: FileInfo(name='macromanprober', extension='py', is_directory=False, parent_directory='chardet')
2024-12-26 02:11:21,221 = INFO - Обработан файл: FileInfo(name='mbcharsetprober', extension='py', is_directory=False, parent_directory='chardet')
2024-12-26 02:11:21,221 = INFO - Обработан файл: FileInfo(name='mbcsgroupprober', extension='py', is_directory=False, parent_directory='chardet')
2024-12-26 02:11:21,221 = INFO - Обработан файл: FileInfo(name='mbcssm', extension='py', is_directory=False, parent_directory='chardet')
2024-12-26 02:11:21,221 = INFO - Обработан файл: FileInfo(name='resultdict', extension='py', is_directory=False, parent_directory='chardet')
2024-12-26 02:11:21,221 = INFO - Обработан файл: FileInfo(name='sbcharsetprober', extension='py', is_directory=False, parent_directory='chardet')
2024-12-26 02:11:21,221 = INFO - Обработан файл: FileInfo(name='sbcsgroupprober', extension='py', is_directory=False, parent_directory='chardet')
2024-12-26 02:11:21,221 = INFO - Обработан файл: FileInfo(name='sjisprober', extension='py', is_directory=False, parent_directory='chardet')
2024-12-26 02:11:21,221 = INFO - Обработан файл: FileInfo(name='universaldetector', extension='py', is_directory=False, parent_directory='chardet')
2024-12-26 02:11:21,221 = INFO - Обработан файл: FileInfo(name='utf1632prober', extension='py', is_directory=False, parent_directory='chardet')
2024-12-26 02:11:21,222 = INFO - Обработан файл: FileInfo(name='utf8prober', extension='py', is_directory=False, parent_directory='chardet')
2024-12-26 02:11:21,222 = INFO - Обработан файл: FileInfo(name='version', extension='py', is_directory=False, parent_directory='chardet')
2024-12-26 02:11:21,222 = INFO - Обработан файл: FileInfo(name='__init__', extension='py', is_directory=False, parent_directory='chardet')
2024-12-26 02:11:21,223 = INFO - Обработан файл: FileInfo(name='chardetect', extension='py', is_directory=False, parent_directory='cli')
2024-12-26 02:11:21,223 = INFO - Обработан файл: FileInfo(name='__init__', extension='py', is_directory=False, parent_directory='cli')
2024-12-26 02:11:21,223 = INFO - Обработан файл: FileInfo(name='languages', extension='py', is_directory=False, parent_directory='metadata')
2024-12-26 02:11:21,223 = INFO - Обработан файл: FileInfo(name='__init__', extension='py', is_directory=False, parent_directory='metadata')
2024-12-26 02:11:21,223 = INFO - Обраюотан каталог: FileInfo(name='tests', extension=None, is_directory=True, parent_directory='colorama')
2024-12-26 02:11:21,224 = INFO - Обработан файл: FileInfo(name='ansi', extension='py', is_directory=False, parent_directory='colorama')
2024-12-26 02:11:21,224 = INFO - Обработан файл: FileInfo(name='ansitowin32', extension='py', is_directory=False, parent_directory='colorama')
2024-12-26 02:11:21,224 = INFO - Обработан файл: FileInfo(name='initialise', extension='py', is_directory=False, parent_directory='colorama')
2024-12-26 02:11:21,224 = INFO - Обработан файл: FileInfo(name='win32', extension='py', is_directory=False, parent_directory='colorama')
2024-12-26 02:11:21,224 = INFO - Обработан файл: FileInfo(name='winterm', extension='py', is_directory=False, parent_directory='colorama')
2024-12-26 02:11:21,224 = INFO - Обработан файл: FileInfo(name='__init__', extension='py', is_directory=False, parent_directory='colorama')
2024-12-26 02:11:21,224 = INFO - Обработан файл: FileInfo(name='ansitowin32_test', extension='py', is_directory=False, parent_directory='tests')
2024-12-26 02:11:21,225 = INFO - Обработан файл: FileInfo(name='ansi_test', extension='py', is_directory=False, parent_directory='tests')
2024-12-26 02:11:21,225 = INFO - Обработан файл: FileInfo(name='initialise_test', extension='py', is_directory=False, parent_directory='tests')
2024-12-26 02:11:21,225 = INFO - Обработан файл: FileInfo(name='isatty_test', extension='py', is_directory=False, parent_directory='tests')
2024-12-26 02:11:21,225 = INFO - Обработан файл: FileInfo(name='utils', extension='py', is_directory=False, parent_directory='tests')
2024-12-26 02:11:21,226 = INFO - Обработан файл: FileInfo(name='winterm_test', extension='py', is_directory=False, parent_directory='tests')
2024-12-26 02:11:21,226 = INFO - Обработан файл: FileInfo(name='__init__', extension='py', is_directory=False, parent_directory='tests')
2024-12-26 02:11:21,228 = INFO - Обработан файл: FileInfo(name='compat', extension='py', is_directory=False, parent_directory='distlib')
2024-12-26 02:11:21,228 = INFO - Обработан файл: FileInfo(name='database', extension='py', is_directory=False, parent_directory='distlib')
2024-12-26 02:11:21,228 = INFO - Обработан файл: FileInfo(name='index', extension='py', is_directory=False, parent_directory='distlib')
2024-12-26 02:11:21,228 = INFO - Обработан файл: FileInfo(name='locators', extension='py', is_directory=False, parent_directory='distlib')
2024-12-26 02:11:21,228 = INFO - Обработан файл: FileInfo(name='manifest', extension='py', is_directory=False, parent_directory='distlib')
2024-12-26 02:11:21,228 = INFO - Обработан файл: FileInfo(name='markers', extension='py', is_directory=False, parent_directory='distlib')
2024-12-26 02:11:21,228 = INFO - Обработан файл: FileInfo(name='metadata', extension='py', is_directory=False, parent_directory='distlib')
2024-12-26 02:11:21,228 = INFO - Обработан файл: FileInfo(name='resources', extension='py', is_directory=False, parent_directory='distlib')
2024-12-26 02:11:21,228 = INFO - Обработан файл: FileInfo(name='scripts', extension='py', is_directory=False, parent_directory='distlib')
2024-12-26 02:11:21,228 = INFO - Обработан файл: FileInfo(name='t32', extension='exe', is_directory=False, parent_directory='distlib')
2024-12-26 02:11:21,228 = INFO - Обработан файл: FileInfo(name='t64-arm', extension='exe', is_directory=False, parent_directory='distlib')
2024-12-26 02:11:21,228 = INFO - Обработан файл: FileInfo(name='t64', extension='exe', is_directory=False, parent_directory='distlib')
2024-12-26 02:11:21,228 = INFO - Обработан файл: FileInfo(name='util', extension='py', is_directory=False, parent_directory='distlib')
2024-12-26 02:11:21,228 = INFO - Обработан файл: FileInfo(name='version', extension='py', is_directory=False, parent_directory='distlib')
2024-12-26 02:11:21,228 = INFO - Обработан файл: FileInfo(name='w32', extension='exe', is_directory=False, parent_directory='distlib')
2024-12-26 02:11:21,228 = INFO - Обработан файл: FileInfo(name='w64-arm', extension='exe', is_directory=False, parent_directory='distlib')
2024-12-26 02:11:21,228 = INFO - Обработан файл: FileInfo(name='w64', extension='exe', is_directory=False, parent_directory='distlib')
2024-12-26 02:11:21,228 = INFO - Обработан файл: FileInfo(name='wheel', extension='py', is_directory=False, parent_directory='distlib')
2024-12-26 02:11:21,228 = INFO - Обработан файл: FileInfo(name='__init__', extension='py', is_directory=False, parent_directory='distlib')
2024-12-26 02:11:21,229 = INFO - Обработан файл: FileInfo(name='distro', extension='py', is_directory=False, parent_directory='distro')
2024-12-26 02:11:21,229 = INFO - Обработан файл: FileInfo(name='__init__', extension='py', is_directory=False, parent_directory='distro')
2024-12-26 02:11:21,229 = INFO - Обработан файл: FileInfo(name='__main__', extension='py', is_directory=False, parent_directory='distro')
2024-12-26 02:11:21,230 = INFO - Обработан файл: FileInfo(name='codec', extension='py', is_directory=False, parent_directory='idna')
2024-12-26 02:11:21,230 = INFO - Обработан файл: FileInfo(name='compat', extension='py', is_directory=False, parent_directory='idna')
2024-12-26 02:11:21,230 = INFO - Обработан файл: FileInfo(name='core', extension='py', is_directory=False, parent_directory='idna')
2024-12-26 02:11:21,230 = INFO - Обработан файл: FileInfo(name='idnadata', extension='py', is_directory=False, parent_directory='idna')
2024-12-26 02:11:21,230 = INFO - Обработан файл: FileInfo(name='intranges', extension='py', is_directory=False, parent_directory='idna')
2024-12-26 02:11:21,230 = INFO - Обработан файл: FileInfo(name='package_data', extension='py', is_directory=False, parent_directory='idna')
2024-12-26 02:11:21,230 = INFO - Обработан файл: FileInfo(name='uts46data', extension='py', is_directory=False, parent_directory='idna')
2024-12-26 02:11:21,230 = INFO - Обработан файл: FileInfo(name='__init__', extension='py', is_directory=False, parent_directory='idna')
2024-12-26 02:11:21,231 = INFO - Обработан файл: FileInfo(name='exceptions', extension='py', is_directory=False, parent_directory='msgpack')
2024-12-26 02:11:21,231 = INFO - Обработан файл: FileInfo(name='ext', extension='py', is_directory=False, parent_directory='msgpack')
2024-12-26 02:11:21,231 = INFO - Обработан файл: FileInfo(name='fallback', extension='py', is_directory=False, parent_directory='msgpack')
2024-12-26 02:11:21,231 = INFO - Обработан файл: FileInfo(name='__init__', extension='py', is_directory=False, parent_directory='msgpack')
2024-12-26 02:11:21,232 = INFO - Обработан файл: FileInfo(name='markers', extension='py', is_directory=False, parent_directory='packaging')
2024-12-26 02:11:21,232 = INFO - Обработан файл: FileInfo(name='requirements', extension='py', is_directory=False, parent_directory='packaging')
2024-12-26 02:11:21,232 = INFO - Обработан файл: FileInfo(name='specifiers', extension='py', is_directory=False, parent_directory='packaging')
2024-12-26 02:11:21,232 = INFO - Обработан файл: FileInfo(name='tags', extension='py', is_directory=False, parent_directory='packaging')
2024-12-26 02:11:21,232 = INFO - Обработан файл: FileInfo(name='utils', extension='py', is_directory=False, parent_directory='packaging')
2024-12-26 02:11:21,232 = INFO - Обработан файл: FileInfo(name='version', extension='py', is_directory=False, parent_directory='packaging')
2024-12-26 02:11:21,232 = INFO - Обработан файл: FileInfo(name='_manylinux', extension='py', is_directory=False, parent_directory='packaging')
2024-12-26 02:11:21,232 = INFO - Обработан файл: FileInfo(name='_musllinux', extension='py', is_directory=False, parent_directory='packaging')
2024-12-26 02:11:21,232 = INFO - Обработан файл: FileInfo(name='_structures', extension='py', is_directory=False, parent_directory='packaging')
2024-12-26 02:11:21,232 = INFO - Обработан файл: FileInfo(name='__about__', extension='py', is_directory=False, parent_directory='packaging')
2024-12-26 02:11:21,232 = INFO - Обработан файл: FileInfo(name='__init__', extension='py', is_directory=False, parent_directory='packaging')
2024-12-26 02:11:21,232 = INFO - Обработан файл: FileInfo(name='__init__', extension='py', is_directory=False, parent_directory='pkg_resources')
2024-12-26 02:11:21,232 = INFO - Обработан файл: FileInfo(name='android', extension='py', is_directory=False, parent_directory='platformdirs')
2024-12-26 02:11:21,232 = INFO - Обработан файл: FileInfo(name='api', extension='py', is_directory=False, parent_directory='platformdirs')
2024-12-26 02:11:21,232 = INFO - Обработан файл: FileInfo(name='macos', extension='py', is_directory=False, parent_directory='platformdirs')
2024-12-26 02:11:21,232 = INFO - Обработан файл: FileInfo(name='unix', extension='py', is_directory=False, parent_directory='platformdirs')
2024-12-26 02:11:21,232 = INFO - Обработан файл: FileInfo(name='version', extension='py', is_directory=False, parent_directory='platformdirs')
2024-12-26 02:11:21,232 = INFO - Обработан файл: FileInfo(name='windows', extension='py', is_directory=False, parent_directory='platformdirs')
2024-12-26 02:11:21,232 = INFO - Обработан файл: FileInfo(name='__init__', extension='py', is_directory=False, parent_directory='platformdirs')
2024-12-26 02:11:21,232 = INFO - Обработан файл: FileInfo(name='__main__', extension='py', is_directory=False, parent_directory='platformdirs')
2024-12-26 02:11:21,233 = INFO - Обраюотан каталог: FileInfo(name='filters', extension=None, is_directory=True, parent_directory='pygments')
2024-12-26 02:11:21,233 = INFO - Обраюотан каталог: FileInfo(name='formatters', extension=None, is_directory=True, parent_directory='pygments')
2024-12-26 02:11:21,233 = INFO - Обраюотан каталог: FileInfo(name='lexers', extension=None, is_directory=True, parent_directory='pygments')
2024-12-26 02:11:21,233 = INFO - Обраюотан каталог: FileInfo(name='styles', extension=None, is_directory=True, parent_directory='pygments')
2024-12-26 02:11:21,233 = INFO - Обработан файл: FileInfo(name='cmdline', extension='py', is_directory=False, parent_directory='pygments')
2024-12-26 02:11:21,233 = INFO - Обработан файл: FileInfo(name='console', extension='py', is_directory=False, parent_directory='pygments')
2024-12-26 02:11:21,234 = INFO - Обработан файл: FileInfo(name='filter', extension='py', is_directory=False, parent_directory='pygments')
2024-12-26 02:11:21,234 = INFO - Обработан файл: FileInfo(name='formatter', extension='py', is_directory=False, parent_directory='pygments')
2024-12-26 02:11:21,234 = INFO - Обработан файл: FileInfo(name='lexer', extension='py', is_directory=False, parent_directory='pygments')
2024-12-26 02:11:21,234 = INFO - Обработан файл: FileInfo(name='modeline', extension='py', is_directory=False, parent_directory='pygments')
2024-12-26 02:11:21,234 = INFO - Обработан файл: FileInfo(name='plugin', extension='py', is_directory=False, parent_directory='pygments')
2024-12-26 02:11:21,234 = INFO - Обработан файл: FileInfo(name='regexopt', extension='py', is_directory=False, parent_directory='pygments')
2024-12-26 02:11:21,234 = INFO - Обработан файл: FileInfo(name='scanner', extension='py', is_directory=False, parent_directory='pygments')
2024-12-26 02:11:21,234 = INFO - Обработан файл: FileInfo(name='sphinxext', extension='py', is_directory=False, parent_directory='pygments')
2024-12-26 02:11:21,234 = INFO - Обработан файл: FileInfo(name='style', extension='py', is_directory=False, parent_directory='pygments')
2024-12-26 02:11:21,234 = INFO - Обработан файл: FileInfo(name='token', extension='py', is_directory=False, parent_directory='pygments')
2024-12-26 02:11:21,234 = INFO - Обработан файл: FileInfo(name='unistring', extension='py', is_directory=False, parent_directory='pygments')
2024-12-26 02:11:21,234 = INFO - Обработан файл: FileInfo(name='util', extension='py', is_directory=False, parent_directory='pygments')
2024-12-26 02:11:21,234 = INFO - Обработан файл: FileInfo(name='__init__', extension='py', is_directory=False, parent_directory='pygments')
2024-12-26 02:11:21,234 = INFO - Обработан файл: FileInfo(name='__main__', extension='py', is_directory=False, parent_directory='pygments')
2024-12-26 02:11:21,236 = INFO - Обработан файл: FileInfo(name='__init__', extension='py', is_directory=False, parent_directory='filters')
2024-12-26 02:11:21,236 = INFO - Обработан файл: FileInfo(name='bbcode', extension='py', is_directory=False, parent_directory='formatters')
2024-12-26 02:11:21,236 = INFO - Обработан файл: FileInfo(name='groff', extension='py', is_directory=False, parent_directory='formatters')
2024-12-26 02:11:21,236 = INFO - Обработан файл: FileInfo(name='html', extension='py', is_directory=False, parent_directory='formatters')
2024-12-26 02:11:21,236 = INFO - Обработан файл: FileInfo(name='img', extension='py', is_directory=False, parent_directory='formatters')
2024-12-26 02:11:21,236 = INFO - Обработан файл: FileInfo(name='irc', extension='py', is_directory=False, parent_directory='formatters')
2024-12-26 02:11:21,236 = INFO - Обработан файл: FileInfo(name='latex', extension='py', is_directory=False, parent_directory='formatters')
2024-12-26 02:11:21,236 = INFO - Обработан файл: FileInfo(name='other', extension='py', is_directory=False, parent_directory='formatters')
2024-12-26 02:11:21,237 = INFO - Обработан файл: FileInfo(name='pangomarkup', extension='py', is_directory=False, parent_directory='formatters')
2024-12-26 02:11:21,237 = INFO - Обработан файл: FileInfo(name='rtf', extension='py', is_directory=False, parent_directory='formatters')
2024-12-26 02:11:21,237 = INFO - Обработан файл: FileInfo(name='svg', extension='py', is_directory=False, parent_directory='formatters')
2024-12-26 02:11:21,237 = INFO - Обработан файл: FileInfo(name='terminal', extension='py', is_directory=False, parent_directory='formatters')
2024-12-26 02:11:21,237 = INFO - Обработан файл: FileInfo(name='terminal256', extension='py', is_directory=False, parent_directory='formatters')
2024-12-26 02:11:21,237 = INFO - Обработан файл: FileInfo(name='_mapping', extension='py', is_directory=False, parent_directory='formatters')
2024-12-26 02:11:21,237 = INFO - Обработан файл: FileInfo(name='__init__', extension='py', is_directory=False, parent_directory='formatters')
2024-12-26 02:11:21,237 = INFO - Обработан файл: FileInfo(name='python', extension='py', is_directory=False, parent_directory='lexers')
2024-12-26 02:11:21,237 = INFO - Обработан файл: FileInfo(name='_mapping', extension='py', is_directory=False, parent_directory='lexers')
2024-12-26 02:11:21,237 = INFO - Обработан файл: FileInfo(name='__init__', extension='py', is_directory=False, parent_directory='lexers')
2024-12-26 02:11:21,237 = INFO - Обработан файл: FileInfo(name='__init__', extension='py', is_directory=False, parent_directory='styles')
2024-12-26 02:11:21,238 = INFO - Обраюотан каталог: FileInfo(name='diagram', extension=None, is_directory=True, parent_directory='pyparsing')
2024-12-26 02:11:21,238 = INFO - Обработан файл: FileInfo(name='actions', extension='py', is_directory=False, parent_directory='pyparsing')
2024-12-26 02:11:21,238 = INFO - Обработан файл: FileInfo(name='common', extension='py', is_directory=False, parent_directory='pyparsing')
2024-12-26 02:11:21,238 = INFO - Обработан файл: FileInfo(name='core', extension='py', is_directory=False, parent_directory='pyparsing')
2024-12-26 02:11:21,238 = INFO - Обработан файл: FileInfo(name='exceptions', extension='py', is_directory=False, parent_directory='pyparsing')
2024-12-26 02:11:21,238 = INFO - Обработан файл: FileInfo(name='helpers', extension='py', is_directory=False, parent_directory='pyparsing')
2024-12-26 02:11:21,238 = INFO - Обработан файл: FileInfo(name='results', extension='py', is_directory=False, parent_directory='pyparsing')
2024-12-26 02:11:21,238 = INFO - Обработан файл: FileInfo(name='testing', extension='py', is_directory=False, parent_directory='pyparsing')
2024-12-26 02:11:21,238 = INFO - Обработан файл: FileInfo(name='unicode', extension='py', is_directory=False, parent_directory='pyparsing')
2024-12-26 02:11:21,238 = INFO - Обработан файл: FileInfo(name='util', extension='py', is_directory=False, parent_directory='pyparsing')
2024-12-26 02:11:21,238 = INFO - Обработан файл: FileInfo(name='__init__', extension='py', is_directory=False, parent_directory='pyparsing')
2024-12-26 02:11:21,239 = INFO - Обработан файл: FileInfo(name='__init__', extension='py', is_directory=False, parent_directory='diagram')
2024-12-26 02:11:21,239 = INFO - Обраюотан каталог: FileInfo(name='_in_process', extension=None, is_directory=True, parent_directory='pyproject_hooks')
2024-12-26 02:11:21,239 = INFO - Обработан файл: FileInfo(name='_compat', extension='py', is_directory=False, parent_directory='pyproject_hooks')
2024-12-26 02:11:21,239 = INFO - Обработан файл: FileInfo(name='_impl', extension='py', is_directory=False, parent_directory='pyproject_hooks')
2024-12-26 02:11:21,239 = INFO - Обработан файл: FileInfo(name='__init__', extension='py', is_directory=False, parent_directory='pyproject_hooks')
2024-12-26 02:11:21,239 = INFO - Обработан файл: FileInfo(name='_in_process', extension='py', is_directory=False, parent_directory='_in_process')
2024-12-26 02:11:21,239 = INFO - Обработан файл: FileInfo(name='__init__', extension='py', is_directory=False, parent_directory='_in_process')
2024-12-26 02:11:21,240 = INFO - Обработан файл: FileInfo(name='adapters', extension='py', is_directory=False, parent_directory='requests')
2024-12-26 02:11:21,240 = INFO - Обработан файл: FileInfo(name='api', extension='py', is_directory=False, parent_directory='requests')
2024-12-26 02:11:21,240 = INFO - Обработан файл: FileInfo(name='auth', extension='py', is_directory=False, parent_directory='requests')
2024-12-26 02:11:21,240 = INFO - Обработан файл: FileInfo(name='certs', extension='py', is_directory=False, parent_directory='requests')
2024-12-26 02:11:21,240 = INFO - Обработан файл: FileInfo(name='compat', extension='py', is_directory=False, parent_directory='requests')
2024-12-26 02:11:21,240 = INFO - Обработан файл: FileInfo(name='cookies', extension='py', is_directory=False, parent_directory='requests')
2024-12-26 02:11:21,240 = INFO - Обработан файл: FileInfo(name='exceptions', extension='py', is_directory=False, parent_directory='requests')
2024-12-26 02:11:21,240 = INFO - Обработан файл: FileInfo(name='help', extension='py', is_directory=False, parent_directory='requests')
2024-12-26 02:11:21,240 = INFO - Обработан файл: FileInfo(name='hooks', extension='py', is_directory=False, parent_directory='requests')
2024-12-26 02:11:21,240 = INFO - Обработан файл: FileInfo(name='models', extension='py', is_directory=False, parent_directory='requests')
2024-12-26 02:11:21,240 = INFO - Обработан файл: FileInfo(name='packages', extension='py', is_directory=False, parent_directory='requests')
2024-12-26 02:11:21,240 = INFO - Обработан файл: FileInfo(name='sessions', extension='py', is_directory=False, parent_directory='requests')
2024-12-26 02:11:21,240 = INFO - Обработан файл: FileInfo(name='status_codes', extension='py', is_directory=False, parent_directory='requests')
2024-12-26 02:11:21,240 = INFO - Обработан файл: FileInfo(name='structures', extension='py', is_directory=False, parent_directory='requests')
2024-12-26 02:11:21,240 = INFO - Обработан файл: FileInfo(name='utils', extension='py', is_directory=False, parent_directory='requests')
2024-12-26 02:11:21,240 = INFO - Обработан файл: FileInfo(name='_internal_utils', extension='py', is_directory=False, parent_directory='requests')
2024-12-26 02:11:21,241 = INFO - Обработан файл: FileInfo(name='__init__', extension='py', is_directory=False, parent_directory='requests')
2024-12-26 02:11:21,241 = INFO - Обработан файл: FileInfo(name='__version__', extension='py', is_directory=False, parent_directory='requests')
2024-12-26 02:11:21,242 = INFO - Обраюотан каталог: FileInfo(name='compat', extension=None, is_directory=True, parent_directory='resolvelib')
2024-12-26 02:11:21,242 = INFO - Обработан файл: FileInfo(name='providers', extension='py', is_directory=False, parent_directory='resolvelib')
2024-12-26 02:11:21,242 = INFO - Обработан файл: FileInfo(name='reporters', extension='py', is_directory=False, parent_directory='resolvelib')
2024-12-26 02:11:21,242 = INFO - Обработан файл: FileInfo(name='resolvers', extension='py', is_directory=False, parent_directory='resolvelib')
2024-12-26 02:11:21,242 = INFO - Обработан файл: FileInfo(name='structs', extension='py', is_directory=False, parent_directory='resolvelib')
2024-12-26 02:11:21,242 = INFO - Обработан файл: FileInfo(name='__init__', extension='py', is_directory=False, parent_directory='resolvelib')
2024-12-26 02:11:21,243 = INFO - Обработан файл: FileInfo(name='collections_abc', extension='py', is_directory=False, parent_directory='compat')
2024-12-26 02:11:21,243 = INFO - Обработан файл: FileInfo(name='__init__', extension='py', is_directory=False, parent_directory='compat')
2024-12-26 02:11:21,243 = INFO - Обработан файл: FileInfo(name='abc', extension='py', is_directory=False, parent_directory='rich')
2024-12-26 02:11:21,243 = INFO - Обработан файл: FileInfo(name='align', extension='py', is_directory=False, parent_directory='rich')
2024-12-26 02:11:21,243 = INFO - Обработан файл: FileInfo(name='ansi', extension='py', is_directory=False, parent_directory='rich')
2024-12-26 02:11:21,243 = INFO - Обработан файл: FileInfo(name='bar', extension='py', is_directory=False, parent_directory='rich')
2024-12-26 02:11:21,243 = INFO - Обработан файл: FileInfo(name='box', extension='py', is_directory=False, parent_directory='rich')
2024-12-26 02:11:21,243 = INFO - Обработан файл: FileInfo(name='cells', extension='py', is_directory=False, parent_directory='rich')
2024-12-26 02:11:21,243 = INFO - Обработан файл: FileInfo(name='color', extension='py', is_directory=False, parent_directory='rich')
2024-12-26 02:11:21,243 = INFO - Обработан файл: FileInfo(name='color_triplet', extension='py', is_directory=False, parent_directory='rich')
2024-12-26 02:11:21,243 = INFO - Обработан файл: FileInfo(name='columns', extension='py', is_directory=False, parent_directory='rich')
2024-12-26 02:11:21,243 = INFO - Обработан файл: FileInfo(name='console', extension='py', is_directory=False, parent_directory='rich')
2024-12-26 02:11:21,243 = INFO - Обработан файл: FileInfo(name='constrain', extension='py', is_directory=False, parent_directory='rich')
2024-12-26 02:11:21,243 = INFO - Обработан файл: FileInfo(name='containers', extension='py', is_directory=False, parent_directory='rich')
2024-12-26 02:11:21,243 = INFO - Обработан файл: FileInfo(name='control', extension='py', is_directory=False, parent_directory='rich')
2024-12-26 02:11:21,243 = INFO - Обработан файл: FileInfo(name='default_styles', extension='py', is_directory=False, parent_directory='rich')
2024-12-26 02:11:21,243 = INFO - Обработан файл: FileInfo(name='diagnose', extension='py', is_directory=False, parent_directory='rich')
2024-12-26 02:11:21,243 = INFO - Обработан файл: FileInfo(name='emoji', extension='py', is_directory=False, parent_directory='rich')
2024-12-26 02:11:21,243 = INFO - Обработан файл: FileInfo(name='errors', extension='py', is_directory=False, parent_directory='rich')
2024-12-26 02:11:21,243 = INFO - Обработан файл: FileInfo(name='filesize', extension='py', is_directory=False, parent_directory='rich')
2024-12-26 02:11:21,243 = INFO - Обработан файл: FileInfo(name='file_proxy', extension='py', is_directory=False, parent_directory='rich')
2024-12-26 02:11:21,243 = INFO - Обработан файл: FileInfo(name='highlighter', extension='py', is_directory=False, parent_directory='rich')
2024-12-26 02:11:21,244 = INFO - Обработан файл: FileInfo(name='json', extension='py', is_directory=False, parent_directory='rich')
2024-12-26 02:11:21,244 = INFO - Обработан файл: FileInfo(name='jupyter', extension='py', is_directory=False, parent_directory='rich')
2024-12-26 02:11:21,244 = INFO - Обработан файл: FileInfo(name='layout', extension='py', is_directory=False, parent_directory='rich')
2024-12-26 02:11:21,244 = INFO - Обработан файл: FileInfo(name='live', extension='py', is_directory=False, parent_directory='rich')
2024-12-26 02:11:21,244 = INFO - Обработан файл: FileInfo(name='live_render', extension='py', is_directory=False, parent_directory='rich')
2024-12-26 02:11:21,244 = INFO - Обработан файл: FileInfo(name='logging', extension='py', is_directory=False, parent_directory='rich')
2024-12-26 02:11:21,244 = INFO - Обработан файл: FileInfo(name='markup', extension='py', is_directory=False, parent_directory='rich')
2024-12-26 02:11:21,244 = INFO - Обработан файл: FileInfo(name='measure', extension='py', is_directory=False, parent_directory='rich')
2024-12-26 02:11:21,244 = INFO - Обработан файл: FileInfo(name='padding', extension='py', is_directory=False, parent_directory='rich')
2024-12-26 02:11:21,244 = INFO - Обработан файл: FileInfo(name='pager', extension='py', is_directory=False, parent_directory='rich')
2024-12-26 02:11:21,244 = INFO - Обработан файл: FileInfo(name='palette', extension='py', is_directory=False, parent_directory='rich')
2024-12-26 02:11:21,244 = INFO - Обработан файл: FileInfo(name='panel', extension='py', is_directory=False, parent_directory='rich')
2024-12-26 02:11:21,244 = INFO - Обработан файл: FileInfo(name='pretty', extension='py', is_directory=False, parent_directory='rich')
2024-12-26 02:11:21,244 = INFO - Обработан файл: FileInfo(name='progress', extension='py', is_directory=False, parent_directory='rich')
2024-12-26 02:11:21,244 = INFO - Обработан файл: FileInfo(name='progress_bar', extension='py', is_directory=False, parent_directory='rich')
2024-12-26 02:11:21,244 = INFO - Обработан файл: FileInfo(name='prompt', extension='py', is_directory=False, parent_directory='rich')
2024-12-26 02:11:21,244 = INFO - Обработан файл: FileInfo(name='protocol', extension='py', is_directory=False, parent_directory='rich')
2024-12-26 02:11:21,244 = INFO - Обработан файл: FileInfo(name='region', extension='py', is_directory=False, parent_directory='rich')
2024-12-26 02:11:21,244 = INFO - Обработан файл: FileInfo(name='repr', extension='py', is_directory=False, parent_directory='rich')
2024-12-26 02:11:21,244 = INFO - Обработан файл: FileInfo(name='rule', extension='py', is_directory=False, parent_directory='rich')
2024-12-26 02:11:21,244 = INFO - Обработан файл: FileInfo(name='scope', extension='py', is_directory=False, parent_directory='rich')
2024-12-26 02:11:21,244 = INFO - Обработан файл: FileInfo(name='screen', extension='py', is_directory=False, parent_directory='rich')
2024-12-26 02:11:21,244 = INFO - Обработан файл: FileInfo(name='segment', extension='py', is_directory=False, parent_directory='rich')
2024-12-26 02:11:21,244 = INFO - Обработан файл: FileInfo(name='spinner', extension='py', is_directory=False, parent_directory='rich')
2024-12-26 02:11:21,245 = INFO - Обработан файл: FileInfo(name='status', extension='py', is_directory=False, parent_directory='rich')
2024-12-26 02:11:21,245 = INFO - Обработан файл: FileInfo(name='style', extension='py', is_directory=False, parent_directory='rich')
2024-12-26 02:11:21,245 = INFO - Обработан файл: FileInfo(name='styled', extension='py', is_directory=False, parent_directory='rich')
2024-12-26 02:11:21,245 = INFO - Обработан файл: FileInfo(name='syntax', extension='py', is_directory=False, parent_directory='rich')
2024-12-26 02:11:21,245 = INFO - Обработан файл: FileInfo(name='table', extension='py', is_directory=False, parent_directory='rich')
2024-12-26 02:11:21,245 = INFO - Обработан файл: FileInfo(name='terminal_theme', extension='py', is_directory=False, parent_directory='rich')
2024-12-26 02:11:21,245 = INFO - Обработан файл: FileInfo(name='text', extension='py', is_directory=False, parent_directory='rich')
2024-12-26 02:11:21,245 = INFO - Обработан файл: FileInfo(name='theme', extension='py', is_directory=False, parent_directory='rich')
2024-12-26 02:11:21,245 = INFO - Обработан файл: FileInfo(name='themes', extension='py', is_directory=False, parent_directory='rich')
2024-12-26 02:11:21,245 = INFO - Обработан файл: FileInfo(name='traceback', extension='py', is_directory=False, parent_directory='rich')
2024-12-26 02:11:21,245 = INFO - Обработан файл: FileInfo(name='tree', extension='py', is_directory=False, parent_directory='rich')
2024-12-26 02:11:21,245 = INFO - Обработан файл: FileInfo(name='_cell_widths', extension='py', is_directory=False, parent_directory='rich')
2024-12-26 02:11:21,245 = INFO - Обработан файл: FileInfo(name='_emoji_codes', extension='py', is_directory=False, parent_directory='rich')
2024-12-26 02:11:21,245 = INFO - Обработан файл: FileInfo(name='_emoji_replace', extension='py', is_directory=False, parent_directory='rich')
2024-12-26 02:11:21,245 = INFO - Обработан файл: FileInfo(name='_export_format', extension='py', is_directory=False, parent_directory='rich')
2024-12-26 02:11:21,245 = INFO - Обработан файл: FileInfo(name='_extension', extension='py', is_directory=False, parent_directory='rich')
2024-12-26 02:11:21,245 = INFO - Обработан файл: FileInfo(name='_fileno', extension='py', is_directory=False, parent_directory='rich')
2024-12-26 02:11:21,245 = INFO - Обработан файл: FileInfo(name='_inspect', extension='py', is_directory=False, parent_directory='rich')
2024-12-26 02:11:21,245 = INFO - Обработан файл: FileInfo(name='_log_render', extension='py', is_directory=False, parent_directory='rich')
2024-12-26 02:11:21,245 = INFO - Обработан файл: FileInfo(name='_loop', extension='py', is_directory=False, parent_directory='rich')
2024-12-26 02:11:21,245 = INFO - Обработан файл: FileInfo(name='_null_file', extension='py', is_directory=False, parent_directory='rich')
2024-12-26 02:11:21,245 = INFO - Обработан файл: FileInfo(name='_palettes', extension='py', is_directory=False, parent_directory='rich')
2024-12-26 02:11:21,246 = INFO - Обработан файл: FileInfo(name='_pick', extension='py', is_directory=False, parent_directory='rich')
2024-12-26 02:11:21,246 = INFO - Обработан файл: FileInfo(name='_ratio', extension='py', is_directory=False, parent_directory='rich')
2024-12-26 02:11:21,246 = INFO - Обработан файл: FileInfo(name='_spinners', extension='py', is_directory=False, parent_directory='rich')
2024-12-26 02:11:21,246 = INFO - Обработан файл: FileInfo(name='_stack', extension='py', is_directory=False, parent_directory='rich')
2024-12-26 02:11:21,246 = INFO - Обработан файл: FileInfo(name='_timer', extension='py', is_directory=False, parent_directory='rich')
2024-12-26 02:11:21,246 = INFO - Обработан файл: FileInfo(name='_win32_console', extension='py', is_directory=False, parent_directory='rich')
2024-12-26 02:11:21,246 = INFO - Обработан файл: FileInfo(name='_windows', extension='py', is_directory=False, parent_directory='rich')
2024-12-26 02:11:21,246 = INFO - Обработан файл: FileInfo(name='_windows_renderer', extension='py', is_directory=False, parent_directory='rich')
2024-12-26 02:11:21,246 = INFO - Обработан файл: FileInfo(name='_wrap', extension='py', is_directory=False, parent_directory='rich')
2024-12-26 02:11:21,246 = INFO - Обработан файл: FileInfo(name='__init__', extension='py', is_directory=False, parent_directory='rich')
2024-12-26 02:11:21,246 = INFO - Обработан файл: FileInfo(name='__main__', extension='py', is_directory=False, parent_directory='rich')
2024-12-26 02:11:21,247 = INFO - Обработан файл: FileInfo(name='after', extension='py', is_directory=False, parent_directory='tenacity')
2024-12-26 02:11:21,247 = INFO - Обработан файл: FileInfo(name='before', extension='py', is_directory=False, parent_directory='tenacity')
2024-12-26 02:11:21,247 = INFO - Обработан файл: FileInfo(name='before_sleep', extension='py', is_directory=False, parent_directory='tenacity')
2024-12-26 02:11:21,247 = INFO - Обработан файл: FileInfo(name='nap', extension='py', is_directory=False, parent_directory='tenacity')
2024-12-26 02:11:21,247 = INFO - Обработан файл: FileInfo(name='retry', extension='py', is_directory=False, parent_directory='tenacity')
2024-12-26 02:11:21,247 = INFO - Обработан файл: FileInfo(name='stop', extension='py', is_directory=False, parent_directory='tenacity')
2024-12-26 02:11:21,247 = INFO - Обработан файл: FileInfo(name='tornadoweb', extension='py', is_directory=False, parent_directory='tenacity')
2024-12-26 02:11:21,247 = INFO - Обработан файл: FileInfo(name='wait', extension='py', is_directory=False, parent_directory='tenacity')
2024-12-26 02:11:21,247 = INFO - Обработан файл: FileInfo(name='_asyncio', extension='py', is_directory=False, parent_directory='tenacity')
2024-12-26 02:11:21,247 = INFO - Обработан файл: FileInfo(name='_utils', extension='py', is_directory=False, parent_directory='tenacity')
2024-12-26 02:11:21,247 = INFO - Обработан файл: FileInfo(name='__init__', extension='py', is_directory=False, parent_directory='tenacity')
2024-12-26 02:11:21,247 = INFO - Обработан файл: FileInfo(name='_parser', extension='py', is_directory=False, parent_directory='tomli')
2024-12-26 02:11:21,247 = INFO - Обработан файл: FileInfo(name='_re', extension='py', is_directory=False, parent_directory='tomli')
2024-12-26 02:11:21,247 = INFO - Обработан файл: FileInfo(name='_types', extension='py', is_directory=False, parent_directory='tomli')
2024-12-26 02:11:21,247 = INFO - Обработан файл: FileInfo(name='__init__', extension='py', is_directory=False, parent_directory='tomli')
2024-12-26 02:11:21,249 = INFO - Обраюотан каталог: FileInfo(name='contrib', extension=None, is_directory=True, parent_directory='urllib3')
2024-12-26 02:11:21,249 = INFO - Обраюотан каталог: FileInfo(name='packages', extension=None, is_directory=True, parent_directory='urllib3')
2024-12-26 02:11:21,249 = INFO - Обраюотан каталог: FileInfo(name='util', extension=None, is_directory=True, parent_directory='urllib3')
2024-12-26 02:11:21,249 = INFO - Обработан файл: FileInfo(name='connection', extension='py', is_directory=False, parent_directory='urllib3')
2024-12-26 02:11:21,249 = INFO - Обработан файл: FileInfo(name='connectionpool', extension='py', is_directory=False, parent_directory='urllib3')
2024-12-26 02:11:21,249 = INFO - Обработан файл: FileInfo(name='exceptions', extension='py', is_directory=False, parent_directory='urllib3')
2024-12-26 02:11:21,249 = INFO - Обработан файл: FileInfo(name='fields', extension='py', is_directory=False, parent_directory='urllib3')
2024-12-26 02:11:21,249 = INFO - Обработан файл: FileInfo(name='filepost', extension='py', is_directory=False, parent_directory='urllib3')
2024-12-26 02:11:21,249 = INFO - Обработан файл: FileInfo(name='poolmanager', extension='py', is_directory=False, parent_directory='urllib3')
2024-12-26 02:11:21,249 = INFO - Обработан файл: FileInfo(name='request', extension='py', is_directory=False, parent_directory='urllib3')
2024-12-26 02:11:21,249 = INFO - Обработан файл: FileInfo(name='response', extension='py', is_directory=False, parent_directory='urllib3')
2024-12-26 02:11:21,249 = INFO - Обработан файл: FileInfo(name='_collections', extension='py', is_directory=False, parent_directory='urllib3')
2024-12-26 02:11:21,249 = INFO - Обработан файл: FileInfo(name='_version', extension='py', is_directory=False, parent_directory='urllib3')
2024-12-26 02:11:21,249 = INFO - Обработан файл: FileInfo(name='__init__', extension='py', is_directory=False, parent_directory='urllib3')
2024-12-26 02:11:21,251 = INFO - Обраюотан каталог: FileInfo(name='_securetransport', extension=None, is_directory=True, parent_directory='contrib')
2024-12-26 02:11:21,251 = INFO - Обработан файл: FileInfo(name='appengine', extension='py', is_directory=False, parent_directory='contrib')
2024-12-26 02:11:21,252 = INFO - Обработан файл: FileInfo(name='ntlmpool', extension='py', is_directory=False, parent_directory='contrib')
2024-12-26 02:11:21,252 = INFO - Обработан файл: FileInfo(name='pyopenssl', extension='py', is_directory=False, parent_directory='contrib')
2024-12-26 02:11:21,252 = INFO - Обработан файл: FileInfo(name='securetransport', extension='py', is_directory=False, parent_directory='contrib')
2024-12-26 02:11:21,252 = INFO - Обработан файл: FileInfo(name='socks', extension='py', is_directory=False, parent_directory='contrib')
2024-12-26 02:11:21,252 = INFO - Обработан файл: FileInfo(name='_appengine_environ', extension='py', is_directory=False, parent_directory='contrib')
2024-12-26 02:11:21,252 = INFO - Обработан файл: FileInfo(name='__init__', extension='py', is_directory=False, parent_directory='contrib')
2024-12-26 02:11:21,253 = INFO - Обработан файл: FileInfo(name='bindings', extension='py', is_directory=False, parent_directory='_securetransport')
2024-12-26 02:11:21,253 = INFO - Обработан файл: FileInfo(name='low_level', extension='py', is_directory=False, parent_directory='_securetransport')
2024-12-26 02:11:21,253 = INFO - Обработан файл: FileInfo(name='__init__', extension='py', is_directory=False, parent_directory='_securetransport')
2024-12-26 02:11:21,253 = INFO - Обраюотан каталог: FileInfo(name='backports', extension=None, is_directory=True, parent_directory='packages')
2024-12-26 02:11:21,253 = INFO - Обработан файл: FileInfo(name='six', extension='py', is_directory=False, parent_directory='packages')
2024-12-26 02:11:21,253 = INFO - Обработан файл: FileInfo(name='__init__', extension='py', is_directory=False, parent_directory='packages')
2024-12-26 02:11:21,254 = INFO - Обработан файл: FileInfo(name='makefile', extension='py', is_directory=False, parent_directory='backports')
2024-12-26 02:11:21,254 = INFO - Обработан файл: FileInfo(name='weakref_finalize', extension='py', is_directory=False, parent_directory='backports')
2024-12-26 02:11:21,254 = INFO - Обработан файл: FileInfo(name='__init__', extension='py', is_directory=False, parent_directory='backports')
2024-12-26 02:11:21,254 = INFO - Обработан файл: FileInfo(name='connection', extension='py', is_directory=False, parent_directory='util')
2024-12-26 02:11:21,254 = INFO - Обработан файл: FileInfo(name='proxy', extension='py', is_directory=False, parent_directory='util')
2024-12-26 02:11:21,254 = INFO - Обработан файл: FileInfo(name='queue', extension='py', is_directory=False, parent_directory='util')
2024-12-26 02:11:21,254 = INFO - Обработан файл: FileInfo(name='request', extension='py', is_directory=False, parent_directory='util')
2024-12-26 02:11:21,254 = INFO - Обработан файл: FileInfo(name='response', extension='py', is_directory=False, parent_directory='util')
2024-12-26 02:11:21,254 = INFO - Обработан файл: FileInfo(name='retry', extension='py', is_directory=False, parent_directory='util')
2024-12-26 02:11:21,254 = INFO - Обработан файл: FileInfo(name='ssltransport', extension='py', is_directory=False, parent_directory='util')
2024-12-26 02:11:21,254 = INFO - Обработан файл: FileInfo(name='ssl_', extension='py', is_directory=False, parent_directory='util')
2024-12-26 02:11:21,254 = INFO - Обработан файл: FileInfo(name='ssl_match_hostname', extension='py', is_directory=False, parent_directory='util')
2024-12-26 02:11:21,254 = INFO - Обработан файл: FileInfo(name='timeout', extension='py', is_directory=False, parent_directory='util')
2024-12-26 02:11:21,254 = INFO - Обработан файл: FileInfo(name='url', extension='py', is_directory=False, parent_directory='util')
2024-12-26 02:11:21,255 = INFO - Обработан файл: FileInfo(name='wait', extension='py', is_directory=False, parent_directory='util')
2024-12-26 02:11:21,255 = INFO - Обработан файл: FileInfo(name='__init__', extension='py', is_directory=False, parent_directory='util')
2024-12-26 02:11:21,255 = INFO - Обработан файл: FileInfo(name='labels', extension='py', is_directory=False, parent_directory='webencodings')
2024-12-26 02:11:21,255 = INFO - Обработан файл: FileInfo(name='mklabels', extension='py', is_directory=False, parent_directory='webencodings')
2024-12-26 02:11:21,255 = INFO - Обработан файл: FileInfo(name='tests', extension='py', is_directory=False, parent_directory='webencodings')
2024-12-26 02:11:21,255 = INFO - Обработан файл: FileInfo(name='x_user_defined', extension='py', is_directory=False, parent_directory='webencodings')
2024-12-26 02:11:21,255 = INFO - Обработан файл: FileInfo(name='__init__', extension='py', is_directory=False, parent_directory='webencodings')
2024-12-26 02:11:21,256 = INFO - Обработан файл: FileInfo(name='AUTHORS', extension='txt', is_directory=False, parent_directory='pip-23.2.1.dist-info')
2024-12-26 02:11:21,256 = INFO - Обработан файл: FileInfo(name='entry_points', extension='txt', is_directory=False, parent_directory='pip-23.2.1.dist-info')
2024-12-26 02:11:21,256 = INFO - Обработан файл: FileInfo(name='INSTALLER', extension='', is_directory=False, parent_directory='pip-23.2.1.dist-info')
2024-12-26 02:11:21,256 = INFO - Обработан файл: FileInfo(name='LICENSE', extension='txt', is_directory=False, parent_directory='pip-23.2.1.dist-info')
2024-12-26 02:11:21,256 = INFO - Обработан файл: FileInfo(name='METADATA', extension='', is_directory=False, parent_directory='pip-23.2.1.dist-info')
2024-12-26 02:11:21,256 = INFO - Обработан файл: FileInfo(name='RECORD', extension='', is_directory=False, parent_directory='pip-23.2.1.dist-info')
2024-12-26 02:11:21,256 = INFO - Обработан файл: FileInfo(name='top_level', extension='txt', is_directory=False, parent_directory='pip-23.2.1.dist-info')
2024-12-26 02:11:21,256 = INFO - Обработан файл: FileInfo(name='WHEEL', extension='', is_directory=False, parent_directory='pip-23.2.1.dist-info')
2024-12-26 02:11:21,256 = INFO - Обработан файл: FileInfo(name='_virtualenv.cpython-312', extension='pyc', is_directory=False, parent_directory='__pycache__')
2024-12-26 02:11:21,256 = INFO - Обработан файл: FileInfo(name='activate', extension='', is_directory=False, parent_directory='Scripts')
2024-12-26 02:11:21,256 = INFO - Обработан файл: FileInfo(name='activate', extension='bat', is_directory=False, parent_directory='Scripts')
2024-12-26 02:11:21,256 = INFO - Обработан файл: FileInfo(name='activate', extension='fish', is_directory=False, parent_directory='Scripts')
2024-12-26 02:11:21,256 = INFO - Обработан файл: FileInfo(name='activate', extension='nu', is_directory=False, parent_directory='Scripts')
2024-12-26 02:11:21,256 = INFO - Обработан файл: FileInfo(name='activate', extension='ps1', is_directory=False, parent_directory='Scripts')
2024-12-26 02:11:21,257 = INFO - Обработан файл: FileInfo(name='activate_this', extension='py', is_directory=False, parent_directory='Scripts')
2024-12-26 02:11:21,257 = INFO - Обработан файл: FileInfo(name='deactivate', extension='bat', is_directory=False, parent_directory='Scripts')
2024-12-26 02:11:21,257 = INFO - Обработан файл: FileInfo(name='pip-3.12', extension='exe', is_directory=False, parent_directory='Scripts')
2024-12-26 02:11:21,257 = INFO - Обработан файл: FileInfo(name='pip', extension='exe', is_directory=False, parent_directory='Scripts')
2024-12-26 02:11:21,257 = INFO - Обработан файл: FileInfo(name='pip3.12', extension='exe', is_directory=False, parent_directory='Scripts')
2024-12-26 02:11:21,257 = INFO - Обработан файл: FileInfo(name='pip3', extension='exe', is_directory=False, parent_directory='Scripts')
2024-12-26 02:11:21,257 = INFO - Обработан файл: FileInfo(name='pydoc', extension='bat', is_directory=False, parent_directory='Scripts')
2024-12-26 02:11:21,257 = INFO - Обработан файл: FileInfo(name='python', extension='exe', is_directory=False, parent_directory='Scripts')
2024-12-26 02:11:21,257 = INFO - Обработан файл: FileInfo(name='pythonw', extension='exe', is_directory=False, parent_directory='Scripts')
2024-12-26 02:11:21,257 = INFO - Обработан файл: FileInfo(name='logg.cpython-312', extension='pyc', is_directory=False, parent_directory='__pycache__')
